[ 2017-10-28T21:14:28+08:00 ] 127.0.0.1 /
INFO: [ app_init ] --START--
INFO: Run Behavior\BuildLiteBehavior [ RunTime:0.000000s ]
INFO: [ app_init ] --END-- [ RunTime:0.023002s ]
INFO: [ app_begin ] --START--
INFO: Run Behavior\ReadHtmlCacheBehavior [ RunTime:0.001000s ]
INFO: [ app_begin ] --END-- [ RunTime:0.002000s ]
NOTIC: [8192] mysql_connect(): The mysql extension is deprecated and will be removed in the future: use mysqli or PDO instead C:\phpDome\ThinkPHP\Library\Think\Db\Driver\Mysql.class.php 第 52 行.
NOTIC: [2] mysql_connect(): Access denied for user 'root'@'localhost' (using password: NO) C:\phpDome\ThinkPHP\Library\Think\Db\Driver\Mysql.class.php 第 52 行.
ERR: Access denied for user 'root'@'localhost' (using password: NO)

[ 2017-10-28T21:15:49+08:00 ] 127.0.0.1 /
INFO: [ app_init ] --START--
INFO: Run Behavior\BuildLiteBehavior [ RunTime:0.000000s ]
INFO: [ app_init ] --END-- [ RunTime:0.002000s ]
INFO: [ app_begin ] --START--
INFO: Run Behavior\ReadHtmlCacheBehavior [ RunTime:0.001000s ]
INFO: [ app_begin ] --END-- [ RunTime:0.003000s ]
NOTIC: [8192] mysql_connect(): The mysql extension is deprecated and will be removed in the future: use mysqli or PDO instead C:\phpDome\ThinkPHP\Library\Think\Db\Driver\Mysql.class.php 第 52 行.
SQL: SHOW COLUMNS FROM `cat` [ RunTime:0.613035s ]
NOTIC: [2] array_reverse() expects parameter 1 to be array, null given C:\phpDome\shop\Home\Controller\IndexController.class.php 第 12 行.
SQL: SELECT * FROM `cat`  [ RunTime:0.001000s ]
SQL: SELECT * FROM `cat`  [ RunTime:0.004000s ]
SQL: SELECT * FROM `cat`  [ RunTime:0.001000s ]
SQL: SELECT * FROM `cat`  [ RunTime:0.000000s ]
SQL: SELECT * FROM `cat`  [ RunTime:0.000000s ]
SQL: SELECT * FROM `cat`  [ RunTime:0.000000s ]
SQL: SELECT * FROM `cat`  [ RunTime:0.000000s ]
SQL: SELECT * FROM `cat`  [ RunTime:0.000000s ]
SQL: SELECT * FROM `cat`  [ RunTime:0.001000s ]
SQL: SELECT * FROM `cat`  [ RunTime:0.001000s ]
SQL: SHOW COLUMNS FROM `goods` [ RunTime:0.094005s ]
SQL: SELECT `goods_id`,`goods_name`,`shop_price`,`goods_img`,`market_price` FROM `goods` WHERE ( is_hot=1 ) ORDER BY goods_id desc LIMIT 0,4   [ RunTime:0.027002s ]
ERR: 1054:Unknown column 'is_hot' in 'where clause'
 [ SQL语句 ] : SELECT `goods_id`,`goods_name`,`shop_price`,`goods_img`,`market_price` FROM `goods` WHERE ( is_hot=1 ) ORDER BY goods_id desc LIMIT 0,4  
INFO: [ view_parse ] --START--
INFO: [ template_filter ] --START--
INFO: Run Behavior\ContentReplaceBehavior [ RunTime:0.001000s ]
INFO: [ template_filter ] --END-- [ RunTime:0.001000s ]
NOTIC: [8] Use of undefined constant cat_id - assumed 'cat_id' C:\phpDome\shop\Runtime\Cache\Home\2f412aae274b751dca883838bf7e7502.php 第 86 行.
NOTIC: [8] Use of undefined constant parent_id - assumed 'parent_id' C:\phpDome\shop\Runtime\Cache\Home\2f412aae274b751dca883838bf7e7502.php 第 86 行.
NOTIC: [8] Use of undefined constant cat_id - assumed 'cat_id' C:\phpDome\shop\Runtime\Cache\Home\2f412aae274b751dca883838bf7e7502.php 第 86 行.
NOTIC: [8] Use of undefined constant parent_id - assumed 'parent_id' C:\phpDome\shop\Runtime\Cache\Home\2f412aae274b751dca883838bf7e7502.php 第 86 行.
NOTIC: [8] Use of undefined constant cat_id - assumed 'cat_id' C:\phpDome\shop\Runtime\Cache\Home\2f412aae274b751dca883838bf7e7502.php 第 86 行.
NOTIC: [8] Use of undefined constant cat_id - assumed 'cat_id' C:\phpDome\shop\Runtime\Cache\Home\2f412aae274b751dca883838bf7e7502.php 第 86 行.
NOTIC: [8] Use of undefined constant parent_id - assumed 'parent_id' C:\phpDome\shop\Runtime\Cache\Home\2f412aae274b751dca883838bf7e7502.php 第 86 行.
NOTIC: [8] Use of undefined constant cat_id - assumed 'cat_id' C:\phpDome\shop\Runtime\Cache\Home\2f412aae274b751dca883838bf7e7502.php 第 86 行.
NOTIC: [8] Use of undefined constant cat_id - assumed 'cat_id' C:\phpDome\shop\Runtime\Cache\Home\2f412aae274b751dca883838bf7e7502.php 第 86 行.
NOTIC: [8] Use of undefined constant parent_id - assumed 'parent_id' C:\phpDome\shop\Runtime\Cache\Home\2f412aae274b751dca883838bf7e7502.php 第 86 行.
NOTIC: [8] Use of undefined constant cat_id - assumed 'cat_id' C:\phpDome\shop\Runtime\Cache\Home\2f412aae274b751dca883838bf7e7502.php 第 86 行.
NOTIC: [8] Use of undefined constant parent_id - assumed 'parent_id' C:\phpDome\shop\Runtime\Cache\Home\2f412aae274b751dca883838bf7e7502.php 第 86 行.
NOTIC: [8] Use of undefined constant cat_id - assumed 'cat_id' C:\phpDome\shop\Runtime\Cache\Home\2f412aae274b751dca883838bf7e7502.php 第 86 行.
NOTIC: [8] Use of undefined constant parent_id - assumed 'parent_id' C:\phpDome\shop\Runtime\Cache\Home\2f412aae274b751dca883838bf7e7502.php 第 86 行.
NOTIC: [8] Use of undefined constant cat_id - assumed 'cat_id' C:\phpDome\shop\Runtime\Cache\Home\2f412aae274b751dca883838bf7e7502.php 第 86 行.
NOTIC: [8] Use of undefined constant parent_id - assumed 'parent_id' C:\phpDome\shop\Runtime\Cache\Home\2f412aae274b751dca883838bf7e7502.php 第 86 行.
NOTIC: [8] Use of undefined constant cat_id - assumed 'cat_id' C:\phpDome\shop\Runtime\Cache\Home\2f412aae274b751dca883838bf7e7502.php 第 86 行.
NOTIC: [8] Use of undefined constant parent_id - assumed 'parent_id' C:\phpDome\shop\Runtime\Cache\Home\2f412aae274b751dca883838bf7e7502.php 第 86 行.
NOTIC: [8] Use of undefined constant cat_id - assumed 'cat_id' C:\phpDome\shop\Runtime\Cache\Home\2f412aae274b751dca883838bf7e7502.php 第 86 行.
NOTIC: [8] Use of undefined constant parent_id - assumed 'parent_id' C:\phpDome\shop\Runtime\Cache\Home\2f412aae274b751dca883838bf7e7502.php 第 86 行.
NOTIC: [8] Use of undefined constant cat_id - assumed 'cat_id' C:\phpDome\shop\Runtime\Cache\Home\2f412aae274b751dca883838bf7e7502.php 第 86 行.
NOTIC: [8] Use of undefined constant parent_id - assumed 'parent_id' C:\phpDome\shop\Runtime\Cache\Home\2f412aae274b751dca883838bf7e7502.php 第 86 行.
NOTIC: [8] Use of undefined constant cat_id - assumed 'cat_id' C:\phpDome\shop\Runtime\Cache\Home\2f412aae274b751dca883838bf7e7502.php 第 86 行.
NOTIC: [8] Use of undefined constant parent_id - assumed 'parent_id' C:\phpDome\shop\Runtime\Cache\Home\2f412aae274b751dca883838bf7e7502.php 第 86 行.
NOTIC: [8] Use of undefined constant cat_id - assumed 'cat_id' C:\phpDome\shop\Runtime\Cache\Home\2f412aae274b751dca883838bf7e7502.php 第 86 行.
NOTIC: [8] Use of undefined constant parent_id - assumed 'parent_id' C:\phpDome\shop\Runtime\Cache\Home\2f412aae274b751dca883838bf7e7502.php 第 86 行.
NOTIC: [8] Use of undefined constant cat_id - assumed 'cat_id' C:\phpDome\shop\Runtime\Cache\Home\2f412aae274b751dca883838bf7e7502.php 第 86 行.
NOTIC: [8] Use of undefined constant parent_id - assumed 'parent_id' C:\phpDome\shop\Runtime\Cache\Home\2f412aae274b751dca883838bf7e7502.php 第 86 行.
NOTIC: [8] Use of undefined constant cat_id - assumed 'cat_id' C:\phpDome\shop\Runtime\Cache\Home\2f412aae274b751dca883838bf7e7502.php 第 86 行.
NOTIC: [8] Use of undefined constant parent_id - assumed 'parent_id' C:\phpDome\shop\Runtime\Cache\Home\2f412aae274b751dca883838bf7e7502.php 第 86 行.
NOTIC: [8] Use of undefined constant cat_id - assumed 'cat_id' C:\phpDome\shop\Runtime\Cache\Home\2f412aae274b751dca883838bf7e7502.php 第 86 行.
NOTIC: [8] Use of undefined constant cat_id - assumed 'cat_id' C:\phpDome\shop\Runtime\Cache\Home\2f412aae274b751dca883838bf7e7502.php 第 86 行.
NOTIC: [8] Use of undefined constant parent_id - assumed 'parent_id' C:\phpDome\shop\Runtime\Cache\Home\2f412aae274b751dca883838bf7e7502.php 第 86 行.
NOTIC: [8] Use of undefined constant cat_id - assumed 'cat_id' C:\phpDome\shop\Runtime\Cache\Home\2f412aae274b751dca883838bf7e7502.php 第 86 行.
NOTIC: [8] Use of undefined constant cat_id - assumed 'cat_id' C:\phpDome\shop\Runtime\Cache\Home\2f412aae274b751dca883838bf7e7502.php 第 86 行.
NOTIC: [8] Use of undefined constant parent_id - assumed 'parent_id' C:\phpDome\shop\Runtime\Cache\Home\2f412aae274b751dca883838bf7e7502.php 第 86 行.
NOTIC: [8] Use of undefined constant cat_id - assumed 'cat_id' C:\phpDome\shop\Runtime\Cache\Home\2f412aae274b751dca883838bf7e7502.php 第 86 行.
NOTIC: [8] Use of undefined constant parent_id - assumed 'parent_id' C:\phpDome\shop\Runtime\Cache\Home\2f412aae274b751dca883838bf7e7502.php 第 86 行.
NOTIC: [8] Use of undefined constant cat_id - assumed 'cat_id' C:\phpDome\shop\Runtime\Cache\Home\2f412aae274b751dca883838bf7e7502.php 第 86 行.
NOTIC: [8] Use of undefined constant parent_id - assumed 'parent_id' C:\phpDome\shop\Runtime\Cache\Home\2f412aae274b751dca883838bf7e7502.php 第 86 行.
NOTIC: [8] Use of undefined constant cat_id - assumed 'cat_id' C:\phpDome\shop\Runtime\Cache\Home\2f412aae274b751dca883838bf7e7502.php 第 86 行.
NOTIC: [8] Use of undefined constant parent_id - assumed 'parent_id' C:\phpDome\shop\Runtime\Cache\Home\2f412aae274b751dca883838bf7e7502.php 第 86 行.
NOTIC: [8] Use of undefined constant cat_id - assumed 'cat_id' C:\phpDome\shop\Runtime\Cache\Home\2f412aae274b751dca883838bf7e7502.php 第 86 行.
NOTIC: [8] Use of undefined constant parent_id - assumed 'parent_id' C:\phpDome\shop\Runtime\Cache\Home\2f412aae274b751dca883838bf7e7502.php 第 86 行.
NOTIC: [8] Use of undefined constant cat_id - assumed 'cat_id' C:\phpDome\shop\Runtime\Cache\Home\2f412aae274b751dca883838bf7e7502.php 第 86 行.
NOTIC: [8] Use of undefined constant parent_id - assumed 'parent_id' C:\phpDome\shop\Runtime\Cache\Home\2f412aae274b751dca883838bf7e7502.php 第 86 行.
NOTIC: [8] Use of undefined constant cat_id - assumed 'cat_id' C:\phpDome\shop\Runtime\Cache\Home\2f412aae274b751dca883838bf7e7502.php 第 86 行.
NOTIC: [8] Use of undefined constant parent_id - assumed 'parent_id' C:\phpDome\shop\Runtime\Cache\Home\2f412aae274b751dca883838bf7e7502.php 第 86 行.
NOTIC: [8] Use of undefined constant cat_id - assumed 'cat_id' C:\phpDome\shop\Runtime\Cache\Home\2f412aae274b751dca883838bf7e7502.php 第 86 行.
NOTIC: [8] Use of undefined constant parent_id - assumed 'parent_id' C:\phpDome\shop\Runtime\Cache\Home\2f412aae274b751dca883838bf7e7502.php 第 86 行.
NOTIC: [8] Use of undefined constant cat_id - assumed 'cat_id' C:\phpDome\shop\Runtime\Cache\Home\2f412aae274b751dca883838bf7e7502.php 第 86 行.
NOTIC: [8] Use of undefined constant parent_id - assumed 'parent_id' C:\phpDome\shop\Runtime\Cache\Home\2f412aae274b751dca883838bf7e7502.php 第 86 行.
NOTIC: [8] Use of undefined constant cat_id - assumed 'cat_id' C:\phpDome\shop\Runtime\Cache\Home\2f412aae274b751dca883838bf7e7502.php 第 86 行.
NOTIC: [8] Use of undefined constant parent_id - assumed 'parent_id' C:\phpDome\shop\Runtime\Cache\Home\2f412aae274b751dca883838bf7e7502.php 第 86 行.
NOTIC: [8] Use of undefined constant cat_id - assumed 'cat_id' C:\phpDome\shop\Runtime\Cache\Home\2f412aae274b751dca883838bf7e7502.php 第 86 行.
NOTIC: [8] Use of undefined constant parent_id - assumed 'parent_id' C:\phpDome\shop\Runtime\Cache\Home\2f412aae274b751dca883838bf7e7502.php 第 86 行.
NOTIC: [8] Use of undefined constant cat_id - assumed 'cat_id' C:\phpDome\shop\Runtime\Cache\Home\2f412aae274b751dca883838bf7e7502.php 第 86 行.
NOTIC: [8] Use of undefined constant cat_id - assumed 'cat_id' C:\phpDome\shop\Runtime\Cache\Home\2f412aae274b751dca883838bf7e7502.php 第 86 行.
NOTIC: [8] Use of undefined constant parent_id - assumed 'parent_id' C:\phpDome\shop\Runtime\Cache\Home\2f412aae274b751dca883838bf7e7502.php 第 86 行.
INFO: Run Behavior\ParseTemplateBehavior [ RunTime:0.204012s ]
INFO: [ view_parse ] --END-- [ RunTime:0.205012s ]
INFO: [ view_filter ] --START--
INFO: Run Behavior\WriteHtmlCacheBehavior [ RunTime:0.002000s ]
INFO: [ view_filter ] --END-- [ RunTime:0.004000s ]
INFO: [ app_end ] --START--
INFO: Run Behavior\ShowPageTraceBehavior [ RunTime:0.002000s ]
INFO: [ app_end ] --END-- [ RunTime:0.003000s ]

[ 2017-10-28T21:19:15+08:00 ] 127.0.0.1 /index.php/admin/index
INFO: [ app_init ] --START--
INFO: Run Behavior\BuildLiteBehavior [ RunTime:0.000000s ]
INFO: [ app_init ] --END-- [ RunTime:0.002000s ]
INFO: [ app_begin ] --START--
INFO: Run Behavior\ReadHtmlCacheBehavior [ RunTime:0.001000s ]
INFO: [ app_begin ] --END-- [ RunTime:0.002000s ]
INFO: [ view_parse ] --START--
INFO: [ template_filter ] --START--
INFO: Run Behavior\ContentReplaceBehavior [ RunTime:0.000000s ]
INFO: [ template_filter ] --END-- [ RunTime:0.001001s ]
INFO: Run Behavior\ParseTemplateBehavior [ RunTime:0.016001s ]
INFO: [ view_parse ] --END-- [ RunTime:0.017001s ]
INFO: [ view_filter ] --START--
INFO: Run Behavior\WriteHtmlCacheBehavior [ RunTime:0.001000s ]
INFO: [ view_filter ] --END-- [ RunTime:0.001000s ]
INFO: [ app_end ] --START--
INFO: Run Behavior\ShowPageTraceBehavior [ RunTime:0.001000s ]
INFO: [ app_end ] --END-- [ RunTime:0.001000s ]

[ 2017-10-28T21:19:15+08:00 ] 127.0.0.1 /index.php/admin/top.html
INFO: [ app_init ] --START--
INFO: Run Behavior\BuildLiteBehavior [ RunTime:0.001000s ]
INFO: [ app_init ] --END-- [ RunTime:0.004000s ]
INFO: [ app_begin ] --START--
INFO: Run Behavior\ReadHtmlCacheBehavior [ RunTime:0.002000s ]
INFO: [ app_begin ] --END-- [ RunTime:0.003000s ]
ERR: 无法加载控制器:Top

[ 2017-10-28T21:19:16+08:00 ] 127.0.0.1 /index.php/admin/left.html
INFO: [ app_init ] --START--
INFO: Run Behavior\BuildLiteBehavior [ RunTime:0.000000s ]
INFO: [ app_init ] --END-- [ RunTime:0.002000s ]
INFO: [ app_begin ] --START--
INFO: Run Behavior\ReadHtmlCacheBehavior [ RunTime:0.001000s ]
INFO: [ app_begin ] --END-- [ RunTime:0.002000s ]
ERR: 无法加载控制器:Left

[ 2017-10-28T21:19:16+08:00 ] 127.0.0.1 /index.php/admin/drag.html
INFO: [ app_init ] --START--
INFO: Run Behavior\BuildLiteBehavior [ RunTime:0.000000s ]
INFO: [ app_init ] --END-- [ RunTime:0.002000s ]
INFO: [ app_begin ] --START--
INFO: Run Behavior\ReadHtmlCacheBehavior [ RunTime:0.001000s ]
INFO: [ app_begin ] --END-- [ RunTime:0.003001s ]
ERR: 无法加载控制器:Drag

[ 2017-10-28T21:19:16+08:00 ] 127.0.0.1 /index.php/admin/main.html
INFO: [ app_init ] --START--
INFO: Run Behavior\BuildLiteBehavior [ RunTime:0.000000s ]
INFO: [ app_init ] --END-- [ RunTime:0.002000s ]
INFO: [ app_begin ] --START--
INFO: Run Behavior\ReadHtmlCacheBehavior [ RunTime:0.001000s ]
INFO: [ app_begin ] --END-- [ RunTime:0.003000s ]
ERR: 无法加载控制器:Main

[ 2017-10-28T21:20:18+08:00 ] 127.0.0.1 /admin/index
INFO: [ app_init ] --START--
INFO: Run Behavior\BuildLiteBehavior [ RunTime:0.000000s ]
INFO: [ app_init ] --END-- [ RunTime:0.002000s ]
INFO: [ app_begin ] --START--
INFO: Run Behavior\ReadHtmlCacheBehavior [ RunTime:0.001000s ]
INFO: [ app_begin ] --END-- [ RunTime:0.003000s ]
INFO: [ view_parse ] --START--
INFO: [ template_filter ] --START--
INFO: Run Behavior\ContentReplaceBehavior [ RunTime:0.000000s ]
INFO: [ template_filter ] --END-- [ RunTime:0.001000s ]
INFO: Run Behavior\ParseTemplateBehavior [ RunTime:0.016001s ]
INFO: [ view_parse ] --END-- [ RunTime:0.016001s ]
INFO: [ view_filter ] --START--
INFO: Run Behavior\WriteHtmlCacheBehavior [ RunTime:0.001000s ]
INFO: [ view_filter ] --END-- [ RunTime:0.002000s ]
INFO: [ app_end ] --START--
INFO: Run Behavior\ShowPageTraceBehavior [ RunTime:0.003000s ]
INFO: [ app_end ] --END-- [ RunTime:0.004000s ]

[ 2017-10-28T21:20:19+08:00 ] 127.0.0.1 /admin/top.html
INFO: [ app_init ] --START--
INFO: Run Behavior\BuildLiteBehavior [ RunTime:0.000000s ]
INFO: [ app_init ] --END-- [ RunTime:0.002001s ]
INFO: [ app_begin ] --START--
INFO: Run Behavior\ReadHtmlCacheBehavior [ RunTime:0.002000s ]
INFO: [ app_begin ] --END-- [ RunTime:0.004000s ]
ERR: 无法加载控制器:Top

[ 2017-10-28T21:20:20+08:00 ] 127.0.0.1 /admin/left.html
INFO: [ app_init ] --START--
INFO: Run Behavior\BuildLiteBehavior [ RunTime:0.000000s ]
INFO: [ app_init ] --END-- [ RunTime:0.003000s ]
INFO: [ app_begin ] --START--
INFO: Run Behavior\ReadHtmlCacheBehavior [ RunTime:0.013001s ]
INFO: [ app_begin ] --END-- [ RunTime:0.021001s ]
ERR: 无法加载控制器:Left

[ 2017-10-28T21:20:20+08:00 ] 127.0.0.1 /admin/drag.html
INFO: [ app_init ] --START--
INFO: Run Behavior\BuildLiteBehavior [ RunTime:0.001000s ]
INFO: [ app_init ] --END-- [ RunTime:0.002000s ]
INFO: [ app_begin ] --START--
INFO: Run Behavior\ReadHtmlCacheBehavior [ RunTime:0.002000s ]
INFO: [ app_begin ] --END-- [ RunTime:0.004000s ]
ERR: 无法加载控制器:Drag

[ 2017-10-28T21:20:20+08:00 ] 127.0.0.1 /admin/main.html
INFO: [ app_init ] --START--
INFO: Run Behavior\BuildLiteBehavior [ RunTime:0.001000s ]
INFO: [ app_init ] --END-- [ RunTime:0.003000s ]
INFO: [ app_begin ] --START--
INFO: Run Behavior\ReadHtmlCacheBehavior [ RunTime:0.003000s ]
INFO: [ app_begin ] --END-- [ RunTime:0.003000s ]
ERR: 无法加载控制器:Main

[ 2017-10-28T21:21:11+08:00 ] 127.0.0.1 /admin/index/index
INFO: [ app_init ] --START--
INFO: Run Behavior\BuildLiteBehavior [ RunTime:0.000000s ]
INFO: [ app_init ] --END-- [ RunTime:0.002000s ]
INFO: [ app_begin ] --START--
INFO: Run Behavior\ReadHtmlCacheBehavior [ RunTime:0.001000s ]
INFO: [ app_begin ] --END-- [ RunTime:0.002000s ]
INFO: [ view_parse ] --START--
INFO: [ template_filter ] --START--
INFO: Run Behavior\ContentReplaceBehavior [ RunTime:0.000000s ]
INFO: [ template_filter ] --END-- [ RunTime:0.001000s ]
INFO: Run Behavior\ParseTemplateBehavior [ RunTime:0.016001s ]
INFO: [ view_parse ] --END-- [ RunTime:0.018001s ]
INFO: [ view_filter ] --START--
INFO: Run Behavior\WriteHtmlCacheBehavior [ RunTime:0.001000s ]
INFO: [ view_filter ] --END-- [ RunTime:0.002000s ]
INFO: [ app_end ] --START--
INFO: Run Behavior\ShowPageTraceBehavior [ RunTime:0.002000s ]
INFO: [ app_end ] --END-- [ RunTime:0.002000s ]

[ 2017-10-28T21:21:12+08:00 ] 127.0.0.1 /admin/index/left.html
INFO: [ app_init ] --START--
INFO: Run Behavior\BuildLiteBehavior [ RunTime:0.000000s ]
INFO: [ app_init ] --END-- [ RunTime:0.005000s ]
INFO: [ app_begin ] --START--
INFO: Run Behavior\ReadHtmlCacheBehavior [ RunTime:0.002000s ]
INFO: [ app_begin ] --END-- [ RunTime:0.003000s ]
INFO: [ view_parse ] --START--
INFO: [ template_filter ] --START--
INFO: Run Behavior\ContentReplaceBehavior [ RunTime:0.000000s ]
INFO: [ template_filter ] --END-- [ RunTime:0.004000s ]
INFO: Run Behavior\ParseTemplateBehavior [ RunTime:0.035002s ]
INFO: [ view_parse ] --END-- [ RunTime:0.036002s ]
INFO: [ view_filter ] --START--
INFO: Run Behavior\WriteHtmlCacheBehavior [ RunTime:0.001001s ]
INFO: [ view_filter ] --END-- [ RunTime:0.003001s ]
INFO: [ app_end ] --START--
INFO: Run Behavior\ShowPageTraceBehavior [ RunTime:0.002000s ]
INFO: [ app_end ] --END-- [ RunTime:0.003000s ]

[ 2017-10-28T21:21:13+08:00 ] 127.0.0.1 /admin/index/drag.html
INFO: [ app_init ] --START--
INFO: Run Behavior\BuildLiteBehavior [ RunTime:0.000000s ]
INFO: [ app_init ] --END-- [ RunTime:0.002001s ]
INFO: [ app_begin ] --START--
INFO: Run Behavior\ReadHtmlCacheBehavior [ RunTime:0.007000s ]
INFO: [ app_begin ] --END-- [ RunTime:0.009000s ]
INFO: [ view_parse ] --START--
INFO: [ template_filter ] --START--
INFO: Run Behavior\ContentReplaceBehavior [ RunTime:0.000000s ]
INFO: [ template_filter ] --END-- [ RunTime:0.002000s ]
INFO: Run Behavior\ParseTemplateBehavior [ RunTime:0.033002s ]
INFO: [ view_parse ] --END-- [ RunTime:0.034002s ]
INFO: [ view_filter ] --START--
INFO: Run Behavior\WriteHtmlCacheBehavior [ RunTime:0.001000s ]
INFO: [ view_filter ] --END-- [ RunTime:0.004000s ]
INFO: [ app_end ] --START--
INFO: Run Behavior\ShowPageTraceBehavior [ RunTime:0.002001s ]
INFO: [ app_end ] --END-- [ RunTime:0.004001s ]

[ 2017-10-28T21:21:13+08:00 ] 127.0.0.1 /admin/index/main.html
INFO: [ app_init ] --START--
INFO: Run Behavior\BuildLiteBehavior [ RunTime:0.000000s ]
INFO: [ app_init ] --END-- [ RunTime:0.002000s ]
INFO: [ app_begin ] --START--
INFO: Run Behavior\ReadHtmlCacheBehavior [ RunTime:0.006001s ]
INFO: [ app_begin ] --END-- [ RunTime:0.030002s ]
INFO: [ view_parse ] --START--
INFO: [ template_filter ] --START--
INFO: Run Behavior\ContentReplaceBehavior [ RunTime:0.000000s ]
INFO: [ template_filter ] --END-- [ RunTime:0.002000s ]
INFO: Run Behavior\ParseTemplateBehavior [ RunTime:0.036002s ]
INFO: [ view_parse ] --END-- [ RunTime:0.037003s ]
INFO: [ view_filter ] --START--
INFO: Run Behavior\WriteHtmlCacheBehavior [ RunTime:0.001000s ]
INFO: [ view_filter ] --END-- [ RunTime:0.001000s ]
INFO: [ app_end ] --START--
INFO: Run Behavior\ShowPageTraceBehavior [ RunTime:0.009000s ]
INFO: [ app_end ] --END-- [ RunTime:0.011000s ]

[ 2017-10-28T21:21:14+08:00 ] 127.0.0.1 /admin/index/top.html
INFO: [ app_init ] --START--
INFO: Run Behavior\BuildLiteBehavior [ RunTime:0.000000s ]
INFO: [ app_init ] --END-- [ RunTime:0.051003s ]
INFO: [ app_begin ] --START--
INFO: Run Behavior\ReadHtmlCacheBehavior [ RunTime:0.002000s ]
INFO: [ app_begin ] --END-- [ RunTime:0.003000s ]
INFO: [ view_parse ] --START--
INFO: [ template_filter ] --START--
INFO: Run Behavior\ContentReplaceBehavior [ RunTime:0.001000s ]
INFO: [ template_filter ] --END-- [ RunTime:0.002001s ]
INFO: Run Behavior\ParseTemplateBehavior [ RunTime:0.037002s ]
INFO: [ view_parse ] --END-- [ RunTime:0.039002s ]
INFO: [ view_filter ] --START--
INFO: Run Behavior\WriteHtmlCacheBehavior [ RunTime:0.001000s ]
INFO: [ view_filter ] --END-- [ RunTime:0.002000s ]
INFO: [ app_end ] --START--
INFO: Run Behavior\ShowPageTraceBehavior [ RunTime:0.001000s ]
INFO: [ app_end ] --END-- [ RunTime:0.002000s ]

[ 2017-10-28T21:21:37+08:00 ] 127.0.0.1 /admin/index
INFO: [ app_init ] --START--
INFO: Run Behavior\BuildLiteBehavior [ RunTime:0.000000s ]
INFO: [ app_init ] --END-- [ RunTime:0.002000s ]
INFO: [ app_begin ] --START--
INFO: Run Behavior\ReadHtmlCacheBehavior [ RunTime:0.001000s ]
INFO: [ app_begin ] --END-- [ RunTime:0.003000s ]
INFO: [ view_parse ] --START--
INFO: [ template_filter ] --START--
INFO: Run Behavior\ContentReplaceBehavior [ RunTime:0.000000s ]
INFO: [ template_filter ] --END-- [ RunTime:0.001000s ]
INFO: Run Behavior\ParseTemplateBehavior [ RunTime:0.015000s ]
INFO: [ view_parse ] --END-- [ RunTime:0.017000s ]
INFO: [ view_filter ] --START--
INFO: Run Behavior\WriteHtmlCacheBehavior [ RunTime:0.001001s ]
INFO: [ view_filter ] --END-- [ RunTime:0.002001s ]
INFO: [ app_end ] --START--
INFO: Run Behavior\ShowPageTraceBehavior [ RunTime:0.001000s ]
INFO: [ app_end ] --END-- [ RunTime:0.002000s ]

[ 2017-10-28T21:21:38+08:00 ] 127.0.0.1 /admin/drag.html
INFO: [ app_init ] --START--
INFO: Run Behavior\BuildLiteBehavior [ RunTime:0.000000s ]
INFO: [ app_init ] --END-- [ RunTime:0.003000s ]
INFO: [ app_begin ] --START--
INFO: Run Behavior\ReadHtmlCacheBehavior [ RunTime:0.003000s ]
INFO: [ app_begin ] --END-- [ RunTime:0.004000s ]
ERR: 无法加载控制器:Drag

[ 2017-10-28T21:21:38+08:00 ] 127.0.0.1 /admin/top.html
INFO: [ app_init ] --START--
INFO: Run Behavior\BuildLiteBehavior [ RunTime:0.000000s ]
INFO: [ app_init ] --END-- [ RunTime:0.002000s ]
INFO: [ app_begin ] --START--
INFO: Run Behavior\ReadHtmlCacheBehavior [ RunTime:0.002000s ]
INFO: [ app_begin ] --END-- [ RunTime:0.004001s ]
ERR: 无法加载控制器:Top

[ 2017-10-28T21:21:38+08:00 ] 127.0.0.1 /admin/main.html
INFO: [ app_init ] --START--
INFO: Run Behavior\BuildLiteBehavior [ RunTime:0.001000s ]
INFO: [ app_init ] --END-- [ RunTime:0.002000s ]
INFO: [ app_begin ] --START--
INFO: Run Behavior\ReadHtmlCacheBehavior [ RunTime:0.002000s ]
INFO: [ app_begin ] --END-- [ RunTime:0.015000s ]
ERR: 无法加载控制器:Main

[ 2017-10-28T21:21:39+08:00 ] 127.0.0.1 /admin/left.html
INFO: [ app_init ] --START--
INFO: Run Behavior\BuildLiteBehavior [ RunTime:0.000000s ]
INFO: [ app_init ] --END-- [ RunTime:0.005000s ]
INFO: [ app_begin ] --START--
INFO: Run Behavior\ReadHtmlCacheBehavior [ RunTime:0.002000s ]
INFO: [ app_begin ] --END-- [ RunTime:0.005000s ]
ERR: 无法加载控制器:Left

[ 2017-10-28T21:21:49+08:00 ] 127.0.0.1 /admin/index/index
INFO: [ app_init ] --START--
INFO: Run Behavior\BuildLiteBehavior [ RunTime:0.001000s ]
INFO: [ app_init ] --END-- [ RunTime:0.002001s ]
INFO: [ app_begin ] --START--
INFO: Run Behavior\ReadHtmlCacheBehavior [ RunTime:0.003000s ]
INFO: [ app_begin ] --END-- [ RunTime:0.004000s ]
INFO: [ view_parse ] --START--
INFO: [ template_filter ] --START--
INFO: Run Behavior\ContentReplaceBehavior [ RunTime:0.001000s ]
INFO: [ template_filter ] --END-- [ RunTime:0.001000s ]
INFO: Run Behavior\ParseTemplateBehavior [ RunTime:0.016001s ]
INFO: [ view_parse ] --END-- [ RunTime:0.017001s ]
INFO: [ view_filter ] --START--
INFO: Run Behavior\WriteHtmlCacheBehavior [ RunTime:0.001000s ]
INFO: [ view_filter ] --END-- [ RunTime:0.001000s ]
INFO: [ app_end ] --START--
INFO: Run Behavior\ShowPageTraceBehavior [ RunTime:0.001000s ]
INFO: [ app_end ] --END-- [ RunTime:0.001000s ]

[ 2017-10-28T21:21:50+08:00 ] 127.0.0.1 /admin/index/drag.html
INFO: [ app_init ] --START--
INFO: Run Behavior\BuildLiteBehavior [ RunTime:0.001001s ]
INFO: [ app_init ] --END-- [ RunTime:0.004001s ]
INFO: [ app_begin ] --START--
INFO: Run Behavior\ReadHtmlCacheBehavior [ RunTime:0.002000s ]
INFO: [ app_begin ] --END-- [ RunTime:0.005001s ]
INFO: [ view_parse ] --START--
INFO: [ template_filter ] --START--
INFO: Run Behavior\ContentReplaceBehavior [ RunTime:0.001000s ]
INFO: [ template_filter ] --END-- [ RunTime:0.003000s ]
INFO: Run Behavior\ParseTemplateBehavior [ RunTime:0.020002s ]
INFO: [ view_parse ] --END-- [ RunTime:0.021002s ]
INFO: [ view_filter ] --START--
INFO: Run Behavior\WriteHtmlCacheBehavior [ RunTime:0.001000s ]
INFO: [ view_filter ] --END-- [ RunTime:0.003000s ]
INFO: [ app_end ] --START--
INFO: Run Behavior\ShowPageTraceBehavior [ RunTime:0.002000s ]
INFO: [ app_end ] --END-- [ RunTime:0.003000s ]

[ 2017-10-28T21:21:51+08:00 ] 127.0.0.1 /admin/index/left.html
INFO: [ app_init ] --START--
INFO: Run Behavior\BuildLiteBehavior [ RunTime:0.001000s ]
INFO: [ app_init ] --END-- [ RunTime:0.003000s ]
INFO: [ app_begin ] --START--
INFO: Run Behavior\ReadHtmlCacheBehavior [ RunTime:0.001000s ]
INFO: [ app_begin ] --END-- [ RunTime:0.003000s ]
INFO: [ view_parse ] --START--
INFO: [ template_filter ] --START--
INFO: Run Behavior\ContentReplaceBehavior [ RunTime:0.000000s ]
INFO: [ template_filter ] --END-- [ RunTime:0.001000s ]
INFO: Run Behavior\ParseTemplateBehavior [ RunTime:0.022002s ]
INFO: [ view_parse ] --END-- [ RunTime:0.022002s ]
INFO: [ view_filter ] --START--
INFO: Run Behavior\WriteHtmlCacheBehavior [ RunTime:0.001000s ]
INFO: [ view_filter ] --END-- [ RunTime:0.002000s ]
INFO: [ app_end ] --START--
INFO: Run Behavior\ShowPageTraceBehavior [ RunTime:0.001000s ]
INFO: [ app_end ] --END-- [ RunTime:0.001000s ]

[ 2017-10-28T21:21:51+08:00 ] 127.0.0.1 /admin/index/top.html
INFO: [ app_init ] --START--
INFO: Run Behavior\BuildLiteBehavior [ RunTime:0.001000s ]
INFO: [ app_init ] --END-- [ RunTime:0.006001s ]
INFO: [ app_begin ] --START--
INFO: Run Behavior\ReadHtmlCacheBehavior [ RunTime:0.002000s ]
INFO: [ app_begin ] --END-- [ RunTime:0.004000s ]
INFO: [ view_parse ] --START--
INFO: [ template_filter ] --START--
INFO: Run Behavior\ContentReplaceBehavior [ RunTime:0.000000s ]
INFO: [ template_filter ] --END-- [ RunTime:0.001000s ]
INFO: Run Behavior\ParseTemplateBehavior [ RunTime:0.021001s ]
INFO: [ view_parse ] --END-- [ RunTime:0.023001s ]
INFO: [ view_filter ] --START--
INFO: Run Behavior\WriteHtmlCacheBehavior [ RunTime:0.003000s ]
INFO: [ view_filter ] --END-- [ RunTime:0.004000s ]
INFO: [ app_end ] --START--
INFO: Run Behavior\ShowPageTraceBehavior [ RunTime:0.001000s ]
INFO: [ app_end ] --END-- [ RunTime:0.002000s ]

[ 2017-10-28T21:21:52+08:00 ] 127.0.0.1 /admin/index/main.html
INFO: [ app_init ] --START--
INFO: Run Behavior\BuildLiteBehavior [ RunTime:0.001000s ]
INFO: [ app_init ] --END-- [ RunTime:0.004000s ]
INFO: [ app_begin ] --START--
INFO: Run Behavior\ReadHtmlCacheBehavior [ RunTime:0.001000s ]
INFO: [ app_begin ] --END-- [ RunTime:0.003000s ]
INFO: [ view_parse ] --START--
INFO: [ template_filter ] --START--
INFO: Run Behavior\ContentReplaceBehavior [ RunTime:0.001000s ]
INFO: [ template_filter ] --END-- [ RunTime:0.003000s ]
INFO: Run Behavior\ParseTemplateBehavior [ RunTime:0.030001s ]
INFO: [ view_parse ] --END-- [ RunTime:0.032001s ]
INFO: [ view_filter ] --START--
INFO: Run Behavior\WriteHtmlCacheBehavior [ RunTime:0.001000s ]
INFO: [ view_filter ] --END-- [ RunTime:0.002001s ]
INFO: [ app_end ] --START--
INFO: Run Behavior\ShowPageTraceBehavior [ RunTime:0.051003s ]
INFO: [ app_end ] --END-- [ RunTime:0.052003s ]

[ 2017-10-28T21:23:23+08:00 ] 127.0.0.1 /admin/index/goodslist.html
INFO: [ app_init ] --START--
INFO: Run Behavior\BuildLiteBehavior [ RunTime:0.000000s ]
INFO: [ app_init ] --END-- [ RunTime:0.002000s ]
INFO: [ app_begin ] --START--
INFO: Run Behavior\ReadHtmlCacheBehavior [ RunTime:0.002000s ]
INFO: [ app_begin ] --END-- [ RunTime:0.002000s ]
ERR: 非法操作:goodslist

[ 2017-10-28T21:23:25+08:00 ] 127.0.0.1 /admin/index/goodslist.html
INFO: [ app_init ] --START--
INFO: Run Behavior\BuildLiteBehavior [ RunTime:0.000000s ]
INFO: [ app_init ] --END-- [ RunTime:0.003000s ]
INFO: [ app_begin ] --START--
INFO: Run Behavior\ReadHtmlCacheBehavior [ RunTime:0.001000s ]
INFO: [ app_begin ] --END-- [ RunTime:0.002000s ]
ERR: 非法操作:goodslist

[ 2017-10-28T21:26:17+08:00 ] 127.0.0.1 /admin/index
INFO: [ app_init ] --START--
INFO: Run Behavior\BuildLiteBehavior [ RunTime:0.001000s ]
INFO: [ app_init ] --END-- [ RunTime:0.004001s ]
INFO: [ app_begin ] --START--
INFO: Run Behavior\ReadHtmlCacheBehavior [ RunTime:0.002000s ]
INFO: [ app_begin ] --END-- [ RunTime:0.003000s ]
INFO: [ view_parse ] --START--
INFO: [ template_filter ] --START--
INFO: Run Behavior\ContentReplaceBehavior [ RunTime:0.001000s ]
INFO: [ template_filter ] --END-- [ RunTime:0.001000s ]
INFO: Run Behavior\ParseTemplateBehavior [ RunTime:0.055003s ]
INFO: [ view_parse ] --END-- [ RunTime:0.056003s ]
INFO: [ view_filter ] --START--
INFO: Run Behavior\WriteHtmlCacheBehavior [ RunTime:0.002000s ]
INFO: [ view_filter ] --END-- [ RunTime:0.002000s ]
INFO: [ app_end ] --START--
INFO: Run Behavior\ShowPageTraceBehavior [ RunTime:0.001001s ]
INFO: [ app_end ] --END-- [ RunTime:0.003001s ]

[ 2017-10-28T21:26:18+08:00 ] 127.0.0.1 /admin/left.html
INFO: [ app_init ] --START--
INFO: Run Behavior\BuildLiteBehavior [ RunTime:0.000000s ]
INFO: [ app_init ] --END-- [ RunTime:0.003000s ]
INFO: [ app_begin ] --START--
INFO: Run Behavior\ReadHtmlCacheBehavior [ RunTime:0.006001s ]
INFO: [ app_begin ] --END-- [ RunTime:0.009001s ]
ERR: 无法加载控制器:Left

[ 2017-10-28T21:26:18+08:00 ] 127.0.0.1 /admin/drag.html
INFO: [ app_init ] --START--
INFO: Run Behavior\BuildLiteBehavior [ RunTime:0.000000s ]
INFO: [ app_init ] --END-- [ RunTime:0.014000s ]
INFO: [ app_begin ] --START--
INFO: Run Behavior\ReadHtmlCacheBehavior [ RunTime:0.012001s ]
INFO: [ app_begin ] --END-- [ RunTime:0.015001s ]
ERR: 无法加载控制器:Drag

[ 2017-10-28T21:26:18+08:00 ] 127.0.0.1 /admin/top.html
INFO: [ app_init ] --START--
INFO: Run Behavior\BuildLiteBehavior [ RunTime:0.000000s ]
INFO: [ app_init ] --END-- [ RunTime:0.015001s ]
INFO: [ app_begin ] --START--
INFO: Run Behavior\ReadHtmlCacheBehavior [ RunTime:0.002000s ]
INFO: [ app_begin ] --END-- [ RunTime:0.005000s ]
ERR: 无法加载控制器:Top

[ 2017-10-28T21:26:18+08:00 ] 127.0.0.1 /admin/main.html
INFO: [ app_init ] --START--
INFO: Run Behavior\BuildLiteBehavior [ RunTime:0.000000s ]
INFO: [ app_init ] --END-- [ RunTime:0.004000s ]
INFO: [ app_begin ] --START--
INFO: Run Behavior\ReadHtmlCacheBehavior [ RunTime:0.003000s ]
INFO: [ app_begin ] --END-- [ RunTime:0.004000s ]
ERR: 无法加载控制器:Main

[ 2017-10-28T21:27:12+08:00 ] 127.0.0.1 /Admin/index
INFO: [ app_init ] --START--
INFO: Run Behavior\BuildLiteBehavior [ RunTime:0.000000s ]
INFO: [ app_init ] --END-- [ RunTime:0.003000s ]
INFO: [ app_begin ] --START--
INFO: Run Behavior\ReadHtmlCacheBehavior [ RunTime:0.002000s ]
INFO: [ app_begin ] --END-- [ RunTime:0.004000s ]
INFO: [ view_parse ] --START--
INFO: [ template_filter ] --START--
INFO: Run Behavior\ContentReplaceBehavior [ RunTime:0.001000s ]
INFO: [ template_filter ] --END-- [ RunTime:0.001000s ]
INFO: Run Behavior\ParseTemplateBehavior [ RunTime:0.014001s ]
INFO: [ view_parse ] --END-- [ RunTime:0.014001s ]
INFO: [ view_filter ] --START--
INFO: Run Behavior\WriteHtmlCacheBehavior [ RunTime:0.001000s ]
INFO: [ view_filter ] --END-- [ RunTime:0.002000s ]
INFO: [ app_end ] --START--
INFO: Run Behavior\ShowPageTraceBehavior [ RunTime:0.001000s ]
INFO: [ app_end ] --END-- [ RunTime:0.002000s ]

[ 2017-10-28T21:27:13+08:00 ] 127.0.0.1 /Admin/top.html
INFO: [ app_init ] --START--
INFO: Run Behavior\BuildLiteBehavior [ RunTime:0.000000s ]
INFO: [ app_init ] --END-- [ RunTime:0.002001s ]
INFO: [ app_begin ] --START--
INFO: Run Behavior\ReadHtmlCacheBehavior [ RunTime:0.002000s ]
INFO: [ app_begin ] --END-- [ RunTime:0.002000s ]
ERR: 无法加载控制器:Top

[ 2017-10-28T21:27:13+08:00 ] 127.0.0.1 /Admin/left.html
INFO: [ app_init ] --START--
INFO: Run Behavior\BuildLiteBehavior [ RunTime:0.001000s ]
INFO: [ app_init ] --END-- [ RunTime:0.002000s ]
INFO: [ app_begin ] --START--
INFO: Run Behavior\ReadHtmlCacheBehavior [ RunTime:0.005001s ]
INFO: [ app_begin ] --END-- [ RunTime:0.006001s ]
ERR: 无法加载控制器:Left

[ 2017-10-28T21:27:14+08:00 ] 127.0.0.1 /Admin/drag.html
INFO: [ app_init ] --START--
INFO: Run Behavior\BuildLiteBehavior [ RunTime:0.000000s ]
INFO: [ app_init ] --END-- [ RunTime:0.008001s ]
INFO: [ app_begin ] --START--
INFO: Run Behavior\ReadHtmlCacheBehavior [ RunTime:0.002000s ]
INFO: [ app_begin ] --END-- [ RunTime:0.003000s ]
ERR: 无法加载控制器:Drag

[ 2017-10-28T21:27:14+08:00 ] 127.0.0.1 /Admin/main.html
INFO: [ app_init ] --START--
INFO: Run Behavior\BuildLiteBehavior [ RunTime:0.001000s ]
INFO: [ app_init ] --END-- [ RunTime:0.003000s ]
INFO: [ app_begin ] --START--
INFO: Run Behavior\ReadHtmlCacheBehavior [ RunTime:0.003000s ]
INFO: [ app_begin ] --END-- [ RunTime:0.003000s ]
ERR: 无法加载控制器:Main

[ 2017-10-28T21:28:07+08:00 ] 127.0.0.1 /Admin/index/index
INFO: [ app_init ] --START--
INFO: Run Behavior\BuildLiteBehavior [ RunTime:0.000000s ]
INFO: [ app_init ] --END-- [ RunTime:0.002001s ]
INFO: [ app_begin ] --START--
INFO: Run Behavior\ReadHtmlCacheBehavior [ RunTime:0.002000s ]
INFO: [ app_begin ] --END-- [ RunTime:0.003000s ]
INFO: [ view_parse ] --START--
INFO: [ template_filter ] --START--
INFO: Run Behavior\ContentReplaceBehavior [ RunTime:0.001000s ]
INFO: [ template_filter ] --END-- [ RunTime:0.002000s ]
INFO: Run Behavior\ParseTemplateBehavior [ RunTime:0.023001s ]
INFO: [ view_parse ] --END-- [ RunTime:0.023001s ]
INFO: [ view_filter ] --START--
INFO: Run Behavior\WriteHtmlCacheBehavior [ RunTime:0.001000s ]
INFO: [ view_filter ] --END-- [ RunTime:0.002000s ]
INFO: [ app_end ] --START--
INFO: Run Behavior\ShowPageTraceBehavior [ RunTime:0.001000s ]
INFO: [ app_end ] --END-- [ RunTime:0.002000s ]

[ 2017-10-28T21:28:08+08:00 ] 127.0.0.1 /Admin/index/drag.html
INFO: [ app_init ] --START--
INFO: Run Behavior\BuildLiteBehavior [ RunTime:0.001000s ]
INFO: [ app_init ] --END-- [ RunTime:0.004000s ]
INFO: [ app_begin ] --START--
INFO: Run Behavior\ReadHtmlCacheBehavior [ RunTime:0.002000s ]
INFO: [ app_begin ] --END-- [ RunTime:0.004000s ]
INFO: [ view_parse ] --START--
INFO: [ template_filter ] --START--
INFO: Run Behavior\ContentReplaceBehavior [ RunTime:0.000000s ]
INFO: [ template_filter ] --END-- [ RunTime:0.002000s ]
INFO: Run Behavior\ParseTemplateBehavior [ RunTime:0.016001s ]
INFO: [ view_parse ] --END-- [ RunTime:0.016001s ]
INFO: [ view_filter ] --START--
INFO: Run Behavior\WriteHtmlCacheBehavior [ RunTime:0.001000s ]
INFO: [ view_filter ] --END-- [ RunTime:0.002000s ]
INFO: [ app_end ] --START--
INFO: Run Behavior\ShowPageTraceBehavior [ RunTime:0.002000s ]
INFO: [ app_end ] --END-- [ RunTime:0.003000s ]

[ 2017-10-28T21:28:09+08:00 ] 127.0.0.1 /Admin/index/left.html
INFO: [ app_init ] --START--
INFO: Run Behavior\BuildLiteBehavior [ RunTime:0.001000s ]
INFO: [ app_init ] --END-- [ RunTime:0.006001s ]
INFO: [ app_begin ] --START--
INFO: Run Behavior\ReadHtmlCacheBehavior [ RunTime:0.002000s ]
INFO: [ app_begin ] --END-- [ RunTime:0.005000s ]
INFO: [ view_parse ] --START--
INFO: [ template_filter ] --START--
INFO: Run Behavior\ContentReplaceBehavior [ RunTime:0.000000s ]
INFO: [ template_filter ] --END-- [ RunTime:0.001000s ]
INFO: Run Behavior\ParseTemplateBehavior [ RunTime:0.043002s ]
INFO: [ view_parse ] --END-- [ RunTime:0.045002s ]
INFO: [ view_filter ] --START--
INFO: Run Behavior\WriteHtmlCacheBehavior [ RunTime:0.002001s ]
INFO: [ view_filter ] --END-- [ RunTime:0.002001s ]
INFO: [ app_end ] --START--
INFO: Run Behavior\ShowPageTraceBehavior [ RunTime:0.002000s ]
INFO: [ app_end ] --END-- [ RunTime:0.003000s ]

[ 2017-10-28T21:28:09+08:00 ] 127.0.0.1 /Admin/index/main.html
INFO: [ app_init ] --START--
INFO: Run Behavior\BuildLiteBehavior [ RunTime:0.000000s ]
INFO: [ app_init ] --END-- [ RunTime:0.003000s ]
INFO: [ app_begin ] --START--
INFO: Run Behavior\ReadHtmlCacheBehavior [ RunTime:0.003000s ]
INFO: [ app_begin ] --END-- [ RunTime:0.007000s ]
INFO: [ view_parse ] --START--
INFO: [ template_filter ] --START--
INFO: Run Behavior\ContentReplaceBehavior [ RunTime:0.001000s ]
INFO: [ template_filter ] --END-- [ RunTime:0.003000s ]
INFO: Run Behavior\ParseTemplateBehavior [ RunTime:0.037002s ]
INFO: [ view_parse ] --END-- [ RunTime:0.038002s ]
INFO: [ view_filter ] --START--
INFO: Run Behavior\WriteHtmlCacheBehavior [ RunTime:0.001000s ]
INFO: [ view_filter ] --END-- [ RunTime:0.002000s ]
INFO: [ app_end ] --START--
INFO: Run Behavior\ShowPageTraceBehavior [ RunTime:0.002000s ]
INFO: [ app_end ] --END-- [ RunTime:0.003000s ]

[ 2017-10-28T21:28:10+08:00 ] 127.0.0.1 /Admin/index/top.html
INFO: [ app_init ] --START--
INFO: Run Behavior\BuildLiteBehavior [ RunTime:0.000000s ]
INFO: [ app_init ] --END-- [ RunTime:0.004000s ]
INFO: [ app_begin ] --START--
INFO: Run Behavior\ReadHtmlCacheBehavior [ RunTime:0.004000s ]
INFO: [ app_begin ] --END-- [ RunTime:0.006001s ]
INFO: [ view_parse ] --START--
INFO: [ template_filter ] --START--
INFO: Run Behavior\ContentReplaceBehavior [ RunTime:0.000000s ]
INFO: [ template_filter ] --END-- [ RunTime:0.001000s ]
INFO: Run Behavior\ParseTemplateBehavior [ RunTime:0.019001s ]
INFO: [ view_parse ] --END-- [ RunTime:0.019001s ]
INFO: [ view_filter ] --START--
INFO: Run Behavior\WriteHtmlCacheBehavior [ RunTime:0.002000s ]
INFO: [ view_filter ] --END-- [ RunTime:0.002000s ]
INFO: [ app_end ] --START--
INFO: Run Behavior\ShowPageTraceBehavior [ RunTime:0.002001s ]
INFO: [ app_end ] --END-- [ RunTime:0.003001s ]

[ 2017-10-28T21:33:29+08:00 ] 127.0.0.1 /Admin/cate/add
INFO: [ app_init ] --START--
INFO: Run Behavior\BuildLiteBehavior [ RunTime:0.000000s ]
INFO: [ app_init ] --END-- [ RunTime:0.003000s ]
INFO: [ app_begin ] --START--
INFO: Run Behavior\ReadHtmlCacheBehavior [ RunTime:0.001000s ]
INFO: [ app_begin ] --END-- [ RunTime:0.003000s ]
ERR: 无法加载控制器:Cate

[ 2017-10-28T21:33:40+08:00 ] 127.0.0.1 /Admin/cat/add
INFO: [ app_init ] --START--
INFO: Run Behavior\BuildLiteBehavior [ RunTime:0.000000s ]
INFO: [ app_init ] --END-- [ RunTime:0.003001s ]
INFO: [ app_begin ] --START--
INFO: Run Behavior\ReadHtmlCacheBehavior [ RunTime:0.001000s ]
INFO: [ app_begin ] --END-- [ RunTime:0.003001s ]
ERR: 非法操作:add

[ 2017-10-28T21:33:53+08:00 ] 127.0.0.1 /Admin/cat/cateadd
INFO: [ app_init ] --START--
INFO: Run Behavior\BuildLiteBehavior [ RunTime:0.000000s ]
INFO: [ app_init ] --END-- [ RunTime:0.003000s ]
INFO: [ app_begin ] --START--
INFO: Run Behavior\ReadHtmlCacheBehavior [ RunTime:0.002000s ]
INFO: [ app_begin ] --END-- [ RunTime:0.003000s ]
INFO: [ view_parse ] --START--
INFO: [ template_filter ] --START--
INFO: Run Behavior\ContentReplaceBehavior [ RunTime:0.000000s ]
INFO: [ template_filter ] --END-- [ RunTime:0.001000s ]
INFO: Run Behavior\ParseTemplateBehavior [ RunTime:0.016001s ]
INFO: [ view_parse ] --END-- [ RunTime:0.016001s ]
INFO: [ view_filter ] --START--
INFO: Run Behavior\WriteHtmlCacheBehavior [ RunTime:0.001000s ]
INFO: [ view_filter ] --END-- [ RunTime:0.002000s ]
INFO: [ app_end ] --START--
INFO: Run Behavior\ShowPageTraceBehavior [ RunTime:0.001001s ]
INFO: [ app_end ] --END-- [ RunTime:0.002001s ]

[ 2017-10-28T21:37:25+08:00 ] 127.0.0.1 /Admin/index
INFO: [ app_init ] --START--
INFO: Run Behavior\BuildLiteBehavior [ RunTime:0.000000s ]
INFO: [ app_init ] --END-- [ RunTime:0.003000s ]
INFO: [ app_begin ] --START--
INFO: Run Behavior\ReadHtmlCacheBehavior [ RunTime:0.003000s ]
INFO: [ app_begin ] --END-- [ RunTime:0.004000s ]
INFO: [ view_parse ] --START--
INFO: [ template_filter ] --START--
INFO: Run Behavior\ContentReplaceBehavior [ RunTime:0.000000s ]
INFO: [ template_filter ] --END-- [ RunTime:0.001000s ]
INFO: Run Behavior\ParseTemplateBehavior [ RunTime:0.027001s ]
INFO: [ view_parse ] --END-- [ RunTime:0.028001s ]
INFO: [ view_filter ] --START--
INFO: Run Behavior\WriteHtmlCacheBehavior [ RunTime:0.001000s ]
INFO: [ view_filter ] --END-- [ RunTime:0.002000s ]
INFO: [ app_end ] --START--
INFO: Run Behavior\ShowPageTraceBehavior [ RunTime:0.002001s ]
INFO: [ app_end ] --END-- [ RunTime:0.002001s ]

[ 2017-10-28T21:37:26+08:00 ] 127.0.0.1 /Admin/top.html
INFO: [ app_init ] --START--
INFO: Run Behavior\BuildLiteBehavior [ RunTime:0.000000s ]
INFO: [ app_init ] --END-- [ RunTime:0.003000s ]
INFO: [ app_begin ] --START--
INFO: Run Behavior\ReadHtmlCacheBehavior [ RunTime:0.003000s ]
INFO: [ app_begin ] --END-- [ RunTime:0.005000s ]
ERR: 无法加载控制器:Top

[ 2017-10-28T21:37:26+08:00 ] 127.0.0.1 /Admin/drag.html
INFO: [ app_init ] --START--
INFO: Run Behavior\BuildLiteBehavior [ RunTime:0.000000s ]
INFO: [ app_init ] --END-- [ RunTime:0.003000s ]
INFO: [ app_begin ] --START--
INFO: Run Behavior\ReadHtmlCacheBehavior [ RunTime:0.003000s ]
INFO: [ app_begin ] --END-- [ RunTime:0.005000s ]
ERR: 无法加载控制器:Drag

[ 2017-10-28T21:37:26+08:00 ] 127.0.0.1 /Admin/left.html
INFO: [ app_init ] --START--
INFO: Run Behavior\BuildLiteBehavior [ RunTime:0.000000s ]
INFO: [ app_init ] --END-- [ RunTime:0.003000s ]
INFO: [ app_begin ] --START--
INFO: Run Behavior\ReadHtmlCacheBehavior [ RunTime:0.003001s ]
INFO: [ app_begin ] --END-- [ RunTime:0.004001s ]
ERR: 无法加载控制器:Left

[ 2017-10-28T21:37:27+08:00 ] 127.0.0.1 /Admin/main.html
INFO: [ app_init ] --START--
INFO: Run Behavior\BuildLiteBehavior [ RunTime:0.000000s ]
INFO: [ app_init ] --END-- [ RunTime:0.003000s ]
INFO: [ app_begin ] --START--
INFO: Run Behavior\ReadHtmlCacheBehavior [ RunTime:0.002000s ]
INFO: [ app_begin ] --END-- [ RunTime:0.003000s ]
ERR: 无法加载控制器:Main

[ 2017-10-28T21:40:40+08:00 ] 127.0.0.1 /Admin/index
INFO: [ app_init ] --START--
INFO: Run Behavior\BuildLiteBehavior [ RunTime:0.000000s ]
INFO: [ app_init ] --END-- [ RunTime:0.002000s ]
INFO: [ app_begin ] --START--
INFO: Run Behavior\ReadHtmlCacheBehavior [ RunTime:0.001000s ]
INFO: [ app_begin ] --END-- [ RunTime:0.002000s ]
INFO: [ view_parse ] --START--
INFO: [ template_filter ] --START--
INFO: Run Behavior\ContentReplaceBehavior [ RunTime:0.000000s ]
INFO: [ template_filter ] --END-- [ RunTime:0.001000s ]
INFO: Run Behavior\ParseTemplateBehavior [ RunTime:0.016001s ]
INFO: [ view_parse ] --END-- [ RunTime:0.016001s ]
INFO: [ view_filter ] --START--
INFO: Run Behavior\WriteHtmlCacheBehavior [ RunTime:0.001000s ]
INFO: [ view_filter ] --END-- [ RunTime:0.003000s ]
INFO: [ app_end ] --START--
INFO: Run Behavior\ShowPageTraceBehavior [ RunTime:0.002000s ]
INFO: [ app_end ] --END-- [ RunTime:0.002000s ]

[ 2017-10-28T21:40:41+08:00 ] 127.0.0.1 /Admin/top.html
INFO: [ app_init ] --START--
INFO: Run Behavior\BuildLiteBehavior [ RunTime:0.000000s ]
INFO: [ app_init ] --END-- [ RunTime:0.003000s ]
INFO: [ app_begin ] --START--
INFO: Run Behavior\ReadHtmlCacheBehavior [ RunTime:0.002000s ]
INFO: [ app_begin ] --END-- [ RunTime:0.006000s ]
ERR: 无法加载控制器:Top

[ 2017-10-28T21:40:41+08:00 ] 127.0.0.1 /Admin/left.html
INFO: [ app_init ] --START--
INFO: Run Behavior\BuildLiteBehavior [ RunTime:0.000000s ]
INFO: [ app_init ] --END-- [ RunTime:0.003000s ]
INFO: [ app_begin ] --START--
INFO: Run Behavior\ReadHtmlCacheBehavior [ RunTime:0.003000s ]
INFO: [ app_begin ] --END-- [ RunTime:0.006000s ]
ERR: 无法加载控制器:Left

[ 2017-10-28T21:40:41+08:00 ] 127.0.0.1 /Admin/drag.html
INFO: [ app_init ] --START--
INFO: Run Behavior\BuildLiteBehavior [ RunTime:0.002000s ]
INFO: [ app_init ] --END-- [ RunTime:0.004000s ]
INFO: [ app_begin ] --START--
INFO: Run Behavior\ReadHtmlCacheBehavior [ RunTime:0.002000s ]
INFO: [ app_begin ] --END-- [ RunTime:0.006000s ]
ERR: 无法加载控制器:Drag

[ 2017-10-28T21:40:41+08:00 ] 127.0.0.1 /Admin/main.html
INFO: [ app_init ] --START--
INFO: Run Behavior\BuildLiteBehavior [ RunTime:0.000000s ]
INFO: [ app_init ] --END-- [ RunTime:0.004001s ]
INFO: [ app_begin ] --START--
INFO: Run Behavior\ReadHtmlCacheBehavior [ RunTime:0.001000s ]
INFO: [ app_begin ] --END-- [ RunTime:0.002000s ]
ERR: 无法加载控制器:Main

[ 2017-10-28T21:40:58+08:00 ] 127.0.0.1 /Admin/Index
INFO: [ app_init ] --START--
INFO: Run Behavior\BuildLiteBehavior [ RunTime:0.000000s ]
INFO: [ app_init ] --END-- [ RunTime:0.003000s ]
INFO: [ app_begin ] --START--
INFO: Run Behavior\ReadHtmlCacheBehavior [ RunTime:0.002000s ]
INFO: [ app_begin ] --END-- [ RunTime:0.004001s ]
INFO: [ view_parse ] --START--
INFO: [ template_filter ] --START--
INFO: Run Behavior\ContentReplaceBehavior [ RunTime:0.000000s ]
INFO: [ template_filter ] --END-- [ RunTime:0.001000s ]
INFO: Run Behavior\ParseTemplateBehavior [ RunTime:0.019001s ]
INFO: [ view_parse ] --END-- [ RunTime:0.019001s ]
INFO: [ view_filter ] --START--
INFO: Run Behavior\WriteHtmlCacheBehavior [ RunTime:0.001000s ]
INFO: [ view_filter ] --END-- [ RunTime:0.002000s ]
INFO: [ app_end ] --START--
INFO: Run Behavior\ShowPageTraceBehavior [ RunTime:0.001001s ]
INFO: [ app_end ] --END-- [ RunTime:0.003001s ]

[ 2017-10-28T21:40:59+08:00 ] 127.0.0.1 /Admin/top.html
INFO: [ app_init ] --START--
INFO: Run Behavior\BuildLiteBehavior [ RunTime:0.000000s ]
INFO: [ app_init ] --END-- [ RunTime:0.003000s ]
INFO: [ app_begin ] --START--
INFO: Run Behavior\ReadHtmlCacheBehavior [ RunTime:0.002001s ]
INFO: [ app_begin ] --END-- [ RunTime:0.005001s ]
ERR: 无法加载控制器:Top

[ 2017-10-28T21:40:59+08:00 ] 127.0.0.1 /Admin/main.html
INFO: [ app_init ] --START--
INFO: Run Behavior\BuildLiteBehavior [ RunTime:0.000000s ]
INFO: [ app_init ] --END-- [ RunTime:0.003000s ]
INFO: [ app_begin ] --START--
INFO: Run Behavior\ReadHtmlCacheBehavior [ RunTime:0.002000s ]
INFO: [ app_begin ] --END-- [ RunTime:0.003000s ]
ERR: 无法加载控制器:Main

[ 2017-10-28T21:40:59+08:00 ] 127.0.0.1 /Admin/left.html
INFO: [ app_init ] --START--
INFO: Run Behavior\BuildLiteBehavior [ RunTime:0.000000s ]
INFO: [ app_init ] --END-- [ RunTime:0.004001s ]
INFO: [ app_begin ] --START--
INFO: Run Behavior\ReadHtmlCacheBehavior [ RunTime:0.002000s ]
INFO: [ app_begin ] --END-- [ RunTime:0.005000s ]
ERR: 无法加载控制器:Left

[ 2017-10-28T21:40:59+08:00 ] 127.0.0.1 /Admin/drag.html
INFO: [ app_init ] --START--
INFO: Run Behavior\BuildLiteBehavior [ RunTime:0.000000s ]
INFO: [ app_init ] --END-- [ RunTime:0.004000s ]
INFO: [ app_begin ] --START--
INFO: Run Behavior\ReadHtmlCacheBehavior [ RunTime:0.002000s ]
INFO: [ app_begin ] --END-- [ RunTime:0.006000s ]
ERR: 无法加载控制器:Drag

[ 2017-10-28T21:41:13+08:00 ] 127.0.0.1 /Admin/Index/index
INFO: [ app_init ] --START--
INFO: Run Behavior\BuildLiteBehavior [ RunTime:0.000000s ]
INFO: [ app_init ] --END-- [ RunTime:0.005001s ]
INFO: [ app_begin ] --START--
INFO: Run Behavior\ReadHtmlCacheBehavior [ RunTime:0.002000s ]
INFO: [ app_begin ] --END-- [ RunTime:0.005000s ]
INFO: [ view_parse ] --START--
INFO: [ template_filter ] --START--
INFO: Run Behavior\ContentReplaceBehavior [ RunTime:0.000000s ]
INFO: [ template_filter ] --END-- [ RunTime:0.002000s ]
INFO: Run Behavior\ParseTemplateBehavior [ RunTime:0.023001s ]
INFO: [ view_parse ] --END-- [ RunTime:0.025001s ]
INFO: [ view_filter ] --START--
INFO: Run Behavior\WriteHtmlCacheBehavior [ RunTime:0.001000s ]
INFO: [ view_filter ] --END-- [ RunTime:0.002000s ]
INFO: [ app_end ] --START--
INFO: Run Behavior\ShowPageTraceBehavior [ RunTime:0.001001s ]
INFO: [ app_end ] --END-- [ RunTime:0.002001s ]

[ 2017-10-28T21:41:14+08:00 ] 127.0.0.1 /Admin/Index/top.html
INFO: [ app_init ] --START--
INFO: Run Behavior\BuildLiteBehavior [ RunTime:0.000000s ]
INFO: [ app_init ] --END-- [ RunTime:0.005001s ]
INFO: [ app_begin ] --START--
INFO: Run Behavior\ReadHtmlCacheBehavior [ RunTime:0.002001s ]
INFO: [ app_begin ] --END-- [ RunTime:0.003001s ]
INFO: [ view_parse ] --START--
INFO: [ template_filter ] --START--
INFO: Run Behavior\ContentReplaceBehavior [ RunTime:0.001000s ]
INFO: [ template_filter ] --END-- [ RunTime:0.001000s ]
INFO: Run Behavior\ParseTemplateBehavior [ RunTime:0.024002s ]
INFO: [ view_parse ] --END-- [ RunTime:0.025002s ]
INFO: [ view_filter ] --START--
INFO: Run Behavior\WriteHtmlCacheBehavior [ RunTime:0.001000s ]
INFO: [ view_filter ] --END-- [ RunTime:0.002000s ]
INFO: [ app_end ] --START--
INFO: Run Behavior\ShowPageTraceBehavior [ RunTime:0.001000s ]
INFO: [ app_end ] --END-- [ RunTime:0.002000s ]

[ 2017-10-28T21:41:14+08:00 ] 127.0.0.1 /Admin/Index/left.html
INFO: [ app_init ] --START--
INFO: Run Behavior\BuildLiteBehavior [ RunTime:0.000000s ]
INFO: [ app_init ] --END-- [ RunTime:0.002000s ]
INFO: [ app_begin ] --START--
INFO: Run Behavior\ReadHtmlCacheBehavior [ RunTime:0.002000s ]
INFO: [ app_begin ] --END-- [ RunTime:0.005000s ]
INFO: [ view_parse ] --START--
INFO: [ template_filter ] --START--
INFO: Run Behavior\ContentReplaceBehavior [ RunTime:0.001000s ]
INFO: [ template_filter ] --END-- [ RunTime:0.002000s ]
INFO: Run Behavior\ParseTemplateBehavior [ RunTime:0.038002s ]
INFO: [ view_parse ] --END-- [ RunTime:0.040002s ]
INFO: [ view_filter ] --START--
INFO: Run Behavior\WriteHtmlCacheBehavior [ RunTime:0.001000s ]
INFO: [ view_filter ] --END-- [ RunTime:0.002000s ]
INFO: [ app_end ] --START--
INFO: Run Behavior\ShowPageTraceBehavior [ RunTime:0.001000s ]
INFO: [ app_end ] --END-- [ RunTime:0.002000s ]

[ 2017-10-28T21:41:15+08:00 ] 127.0.0.1 /Admin/Index/main.html
INFO: [ app_init ] --START--
INFO: Run Behavior\BuildLiteBehavior [ RunTime:0.001000s ]
INFO: [ app_init ] --END-- [ RunTime:0.003000s ]
INFO: [ app_begin ] --START--
INFO: Run Behavior\ReadHtmlCacheBehavior [ RunTime:0.002000s ]
INFO: [ app_begin ] --END-- [ RunTime:0.005000s ]
INFO: [ view_parse ] --START--
INFO: [ template_filter ] --START--
INFO: Run Behavior\ContentReplaceBehavior [ RunTime:0.000000s ]
INFO: [ template_filter ] --END-- [ RunTime:0.002000s ]
INFO: Run Behavior\ParseTemplateBehavior [ RunTime:0.039002s ]
INFO: [ view_parse ] --END-- [ RunTime:0.042002s ]
INFO: [ view_filter ] --START--
INFO: Run Behavior\WriteHtmlCacheBehavior [ RunTime:0.001000s ]
INFO: [ view_filter ] --END-- [ RunTime:0.001000s ]
INFO: [ app_end ] --START--
INFO: Run Behavior\ShowPageTraceBehavior [ RunTime:0.002000s ]
INFO: [ app_end ] --END-- [ RunTime:0.003001s ]

[ 2017-10-28T21:41:15+08:00 ] 127.0.0.1 /Admin/Index/drag.html
INFO: [ app_init ] --START--
INFO: Run Behavior\BuildLiteBehavior [ RunTime:0.000000s ]
INFO: [ app_init ] --END-- [ RunTime:0.003000s ]
INFO: [ app_begin ] --START--
INFO: Run Behavior\ReadHtmlCacheBehavior [ RunTime:0.001000s ]
INFO: [ app_begin ] --END-- [ RunTime:0.003000s ]
INFO: [ view_parse ] --START--
INFO: [ template_filter ] --START--
INFO: Run Behavior\ContentReplaceBehavior [ RunTime:0.001000s ]
INFO: [ template_filter ] --END-- [ RunTime:0.004000s ]
INFO: Run Behavior\ParseTemplateBehavior [ RunTime:0.030001s ]
INFO: [ view_parse ] --END-- [ RunTime:0.030001s ]
INFO: [ view_filter ] --START--
INFO: Run Behavior\WriteHtmlCacheBehavior [ RunTime:0.001000s ]
INFO: [ view_filter ] --END-- [ RunTime:0.001000s ]
INFO: [ app_end ] --START--
INFO: Run Behavior\ShowPageTraceBehavior [ RunTime:0.001000s ]
INFO: [ app_end ] --END-- [ RunTime:0.003000s ]

[ 2017-10-28T21:41:37+08:00 ] 127.0.0.1 /Index/index
INFO: [ app_init ] --START--
INFO: Run Behavior\BuildLiteBehavior [ RunTime:0.000000s ]
INFO: [ app_init ] --END-- [ RunTime:0.004000s ]
INFO: [ app_begin ] --START--
INFO: Run Behavior\ReadHtmlCacheBehavior [ RunTime:0.001000s ]
INFO: [ app_begin ] --END-- [ RunTime:0.002000s ]
NOTIC: [8192] mysql_connect(): The mysql extension is deprecated and will be removed in the future: use mysqli or PDO instead C:\phpDome\ThinkPHP\Library\Think\Db\Driver\Mysql.class.php 第 52 行.
SQL: SHOW COLUMNS FROM `cat` [ RunTime:0.002000s ]
NOTIC: [2] array_reverse() expects parameter 1 to be array, null given C:\phpDome\shop\Home\Controller\IndexController.class.php 第 12 行.
SQL: SELECT * FROM `cat`  [ RunTime:0.001001s ]
SQL: SELECT * FROM `cat`  [ RunTime:0.001000s ]
SQL: SELECT * FROM `cat`  [ RunTime:0.001000s ]
SQL: SELECT * FROM `cat`  [ RunTime:0.001000s ]
SQL: SELECT * FROM `cat`  [ RunTime:0.001000s ]
SQL: SELECT * FROM `cat`  [ RunTime:0.000000s ]
SQL: SELECT * FROM `cat`  [ RunTime:0.000000s ]
SQL: SELECT * FROM `cat`  [ RunTime:0.000000s ]
SQL: SELECT * FROM `cat`  [ RunTime:0.000000s ]
SQL: SELECT * FROM `cat`  [ RunTime:0.001000s ]
SQL: SHOW COLUMNS FROM `goods` [ RunTime:0.001000s ]
SQL: SELECT `goods_id`,`goods_name`,`shop_price`,`goods_img`,`market_price` FROM `goods` WHERE ( is_hot=1 ) ORDER BY goods_id desc LIMIT 0,4   [ RunTime:0.000000s ]
ERR: 1054:Unknown column 'is_hot' in 'where clause'
 [ SQL语句 ] : SELECT `goods_id`,`goods_name`,`shop_price`,`goods_img`,`market_price` FROM `goods` WHERE ( is_hot=1 ) ORDER BY goods_id desc LIMIT 0,4  
INFO: [ view_parse ] --START--
INFO: [ template_filter ] --START--
INFO: Run Behavior\ContentReplaceBehavior [ RunTime:0.000000s ]
INFO: [ template_filter ] --END-- [ RunTime:0.001000s ]
NOTIC: [8] Use of undefined constant cat_id - assumed 'cat_id' C:\phpDome\shop\Runtime\Cache\Home\2f412aae274b751dca883838bf7e7502.php 第 86 行.
NOTIC: [8] Use of undefined constant parent_id - assumed 'parent_id' C:\phpDome\shop\Runtime\Cache\Home\2f412aae274b751dca883838bf7e7502.php 第 86 行.
NOTIC: [8] Use of undefined constant cat_id - assumed 'cat_id' C:\phpDome\shop\Runtime\Cache\Home\2f412aae274b751dca883838bf7e7502.php 第 86 行.
NOTIC: [8] Use of undefined constant parent_id - assumed 'parent_id' C:\phpDome\shop\Runtime\Cache\Home\2f412aae274b751dca883838bf7e7502.php 第 86 行.
NOTIC: [8] Use of undefined constant cat_id - assumed 'cat_id' C:\phpDome\shop\Runtime\Cache\Home\2f412aae274b751dca883838bf7e7502.php 第 86 行.
NOTIC: [8] Use of undefined constant cat_id - assumed 'cat_id' C:\phpDome\shop\Runtime\Cache\Home\2f412aae274b751dca883838bf7e7502.php 第 86 行.
NOTIC: [8] Use of undefined constant parent_id - assumed 'parent_id' C:\phpDome\shop\Runtime\Cache\Home\2f412aae274b751dca883838bf7e7502.php 第 86 行.
NOTIC: [8] Use of undefined constant cat_id - assumed 'cat_id' C:\phpDome\shop\Runtime\Cache\Home\2f412aae274b751dca883838bf7e7502.php 第 86 行.
NOTIC: [8] Use of undefined constant cat_id - assumed 'cat_id' C:\phpDome\shop\Runtime\Cache\Home\2f412aae274b751dca883838bf7e7502.php 第 86 行.
NOTIC: [8] Use of undefined constant parent_id - assumed 'parent_id' C:\phpDome\shop\Runtime\Cache\Home\2f412aae274b751dca883838bf7e7502.php 第 86 行.
NOTIC: [8] Use of undefined constant cat_id - assumed 'cat_id' C:\phpDome\shop\Runtime\Cache\Home\2f412aae274b751dca883838bf7e7502.php 第 86 行.
NOTIC: [8] Use of undefined constant parent_id - assumed 'parent_id' C:\phpDome\shop\Runtime\Cache\Home\2f412aae274b751dca883838bf7e7502.php 第 86 行.
NOTIC: [8] Use of undefined constant cat_id - assumed 'cat_id' C:\phpDome\shop\Runtime\Cache\Home\2f412aae274b751dca883838bf7e7502.php 第 86 行.
NOTIC: [8] Use of undefined constant parent_id - assumed 'parent_id' C:\phpDome\shop\Runtime\Cache\Home\2f412aae274b751dca883838bf7e7502.php 第 86 行.
NOTIC: [8] Use of undefined constant cat_id - assumed 'cat_id' C:\phpDome\shop\Runtime\Cache\Home\2f412aae274b751dca883838bf7e7502.php 第 86 行.
NOTIC: [8] Use of undefined constant parent_id - assumed 'parent_id' C:\phpDome\shop\Runtime\Cache\Home\2f412aae274b751dca883838bf7e7502.php 第 86 行.
NOTIC: [8] Use of undefined constant cat_id - assumed 'cat_id' C:\phpDome\shop\Runtime\Cache\Home\2f412aae274b751dca883838bf7e7502.php 第 86 行.
NOTIC: [8] Use of undefined constant parent_id - assumed 'parent_id' C:\phpDome\shop\Runtime\Cache\Home\2f412aae274b751dca883838bf7e7502.php 第 86 行.
NOTIC: [8] Use of undefined constant cat_id - assumed 'cat_id' C:\phpDome\shop\Runtime\Cache\Home\2f412aae274b751dca883838bf7e7502.php 第 86 行.
NOTIC: [8] Use of undefined constant parent_id - assumed 'parent_id' C:\phpDome\shop\Runtime\Cache\Home\2f412aae274b751dca883838bf7e7502.php 第 86 行.
NOTIC: [8] Use of undefined constant cat_id - assumed 'cat_id' C:\phpDome\shop\Runtime\Cache\Home\2f412aae274b751dca883838bf7e7502.php 第 86 行.
NOTIC: [8] Use of undefined constant parent_id - assumed 'parent_id' C:\phpDome\shop\Runtime\Cache\Home\2f412aae274b751dca883838bf7e7502.php 第 86 行.
NOTIC: [8] Use of undefined constant cat_id - assumed 'cat_id' C:\phpDome\shop\Runtime\Cache\Home\2f412aae274b751dca883838bf7e7502.php 第 86 行.
NOTIC: [8] Use of undefined constant parent_id - assumed 'parent_id' C:\phpDome\shop\Runtime\Cache\Home\2f412aae274b751dca883838bf7e7502.php 第 86 行.
NOTIC: [8] Use of undefined constant cat_id - assumed 'cat_id' C:\phpDome\shop\Runtime\Cache\Home\2f412aae274b751dca883838bf7e7502.php 第 86 行.
NOTIC: [8] Use of undefined constant parent_id - assumed 'parent_id' C:\phpDome\shop\Runtime\Cache\Home\2f412aae274b751dca883838bf7e7502.php 第 86 行.
NOTIC: [8] Use of undefined constant cat_id - assumed 'cat_id' C:\phpDome\shop\Runtime\Cache\Home\2f412aae274b751dca883838bf7e7502.php 第 86 行.
NOTIC: [8] Use of undefined constant parent_id - assumed 'parent_id' C:\phpDome\shop\Runtime\Cache\Home\2f412aae274b751dca883838bf7e7502.php 第 86 行.
NOTIC: [8] Use of undefined constant cat_id - assumed 'cat_id' C:\phpDome\shop\Runtime\Cache\Home\2f412aae274b751dca883838bf7e7502.php 第 86 行.
NOTIC: [8] Use of undefined constant parent_id - assumed 'parent_id' C:\phpDome\shop\Runtime\Cache\Home\2f412aae274b751dca883838bf7e7502.php 第 86 行.
NOTIC: [8] Use of undefined constant cat_id - assumed 'cat_id' C:\phpDome\shop\Runtime\Cache\Home\2f412aae274b751dca883838bf7e7502.php 第 86 行.
NOTIC: [8] Use of undefined constant cat_id - assumed 'cat_id' C:\phpDome\shop\Runtime\Cache\Home\2f412aae274b751dca883838bf7e7502.php 第 86 行.
NOTIC: [8] Use of undefined constant parent_id - assumed 'parent_id' C:\phpDome\shop\Runtime\Cache\Home\2f412aae274b751dca883838bf7e7502.php 第 86 行.
NOTIC: [8] Use of undefined constant cat_id - assumed 'cat_id' C:\phpDome\shop\Runtime\Cache\Home\2f412aae274b751dca883838bf7e7502.php 第 86 行.
NOTIC: [8] Use of undefined constant cat_id - assumed 'cat_id' C:\phpDome\shop\Runtime\Cache\Home\2f412aae274b751dca883838bf7e7502.php 第 86 行.
NOTIC: [8] Use of undefined constant parent_id - assumed 'parent_id' C:\phpDome\shop\Runtime\Cache\Home\2f412aae274b751dca883838bf7e7502.php 第 86 行.
NOTIC: [8] Use of undefined constant cat_id - assumed 'cat_id' C:\phpDome\shop\Runtime\Cache\Home\2f412aae274b751dca883838bf7e7502.php 第 86 行.
NOTIC: [8] Use of undefined constant parent_id - assumed 'parent_id' C:\phpDome\shop\Runtime\Cache\Home\2f412aae274b751dca883838bf7e7502.php 第 86 行.
NOTIC: [8] Use of undefined constant cat_id - assumed 'cat_id' C:\phpDome\shop\Runtime\Cache\Home\2f412aae274b751dca883838bf7e7502.php 第 86 行.
NOTIC: [8] Use of undefined constant parent_id - assumed 'parent_id' C:\phpDome\shop\Runtime\Cache\Home\2f412aae274b751dca883838bf7e7502.php 第 86 行.
NOTIC: [8] Use of undefined constant cat_id - assumed 'cat_id' C:\phpDome\shop\Runtime\Cache\Home\2f412aae274b751dca883838bf7e7502.php 第 86 行.
NOTIC: [8] Use of undefined constant parent_id - assumed 'parent_id' C:\phpDome\shop\Runtime\Cache\Home\2f412aae274b751dca883838bf7e7502.php 第 86 行.
NOTIC: [8] Use of undefined constant cat_id - assumed 'cat_id' C:\phpDome\shop\Runtime\Cache\Home\2f412aae274b751dca883838bf7e7502.php 第 86 行.
NOTIC: [8] Use of undefined constant parent_id - assumed 'parent_id' C:\phpDome\shop\Runtime\Cache\Home\2f412aae274b751dca883838bf7e7502.php 第 86 行.
NOTIC: [8] Use of undefined constant cat_id - assumed 'cat_id' C:\phpDome\shop\Runtime\Cache\Home\2f412aae274b751dca883838bf7e7502.php 第 86 行.
NOTIC: [8] Use of undefined constant parent_id - assumed 'parent_id' C:\phpDome\shop\Runtime\Cache\Home\2f412aae274b751dca883838bf7e7502.php 第 86 行.
NOTIC: [8] Use of undefined constant cat_id - assumed 'cat_id' C:\phpDome\shop\Runtime\Cache\Home\2f412aae274b751dca883838bf7e7502.php 第 86 行.
NOTIC: [8] Use of undefined constant parent_id - assumed 'parent_id' C:\phpDome\shop\Runtime\Cache\Home\2f412aae274b751dca883838bf7e7502.php 第 86 行.
NOTIC: [8] Use of undefined constant cat_id - assumed 'cat_id' C:\phpDome\shop\Runtime\Cache\Home\2f412aae274b751dca883838bf7e7502.php 第 86 行.
NOTIC: [8] Use of undefined constant parent_id - assumed 'parent_id' C:\phpDome\shop\Runtime\Cache\Home\2f412aae274b751dca883838bf7e7502.php 第 86 行.
NOTIC: [8] Use of undefined constant cat_id - assumed 'cat_id' C:\phpDome\shop\Runtime\Cache\Home\2f412aae274b751dca883838bf7e7502.php 第 86 行.
NOTIC: [8] Use of undefined constant parent_id - assumed 'parent_id' C:\phpDome\shop\Runtime\Cache\Home\2f412aae274b751dca883838bf7e7502.php 第 86 行.
NOTIC: [8] Use of undefined constant cat_id - assumed 'cat_id' C:\phpDome\shop\Runtime\Cache\Home\2f412aae274b751dca883838bf7e7502.php 第 86 行.
NOTIC: [8] Use of undefined constant parent_id - assumed 'parent_id' C:\phpDome\shop\Runtime\Cache\Home\2f412aae274b751dca883838bf7e7502.php 第 86 行.
NOTIC: [8] Use of undefined constant cat_id - assumed 'cat_id' C:\phpDome\shop\Runtime\Cache\Home\2f412aae274b751dca883838bf7e7502.php 第 86 行.
NOTIC: [8] Use of undefined constant parent_id - assumed 'parent_id' C:\phpDome\shop\Runtime\Cache\Home\2f412aae274b751dca883838bf7e7502.php 第 86 行.
NOTIC: [8] Use of undefined constant cat_id - assumed 'cat_id' C:\phpDome\shop\Runtime\Cache\Home\2f412aae274b751dca883838bf7e7502.php 第 86 行.
NOTIC: [8] Use of undefined constant cat_id - assumed 'cat_id' C:\phpDome\shop\Runtime\Cache\Home\2f412aae274b751dca883838bf7e7502.php 第 86 行.
NOTIC: [8] Use of undefined constant parent_id - assumed 'parent_id' C:\phpDome\shop\Runtime\Cache\Home\2f412aae274b751dca883838bf7e7502.php 第 86 行.
INFO: Run Behavior\ParseTemplateBehavior [ RunTime:0.071004s ]
INFO: [ view_parse ] --END-- [ RunTime:0.072004s ]
INFO: [ view_filter ] --START--
INFO: Run Behavior\WriteHtmlCacheBehavior [ RunTime:0.003000s ]
INFO: [ view_filter ] --END-- [ RunTime:0.003000s ]
INFO: [ app_end ] --START--
INFO: Run Behavior\ShowPageTraceBehavior [ RunTime:0.001000s ]
INFO: [ app_end ] --END-- [ RunTime:0.003000s ]

[ 2017-10-28T21:41:37+08:00 ] 127.0.0.1 /Index/api/cron.php-t=1452023217
INFO: [ app_init ] --START--
INFO: Run Behavior\BuildLiteBehavior [ RunTime:0.001000s ]
INFO: [ app_init ] --END-- [ RunTime:0.004000s ]
INFO: [ app_begin ] --START--
INFO: Run Behavior\ReadHtmlCacheBehavior [ RunTime:0.003001s ]
INFO: [ app_begin ] --END-- [ RunTime:0.006001s ]
ERR: 非法操作:api

[ 2017-10-28T21:42:42+08:00 ] 127.0.0.1 /Admin/cat/cateadd
INFO: [ app_init ] --START--
INFO: Run Behavior\BuildLiteBehavior [ RunTime:0.000000s ]
INFO: [ app_init ] --END-- [ RunTime:0.002000s ]
INFO: [ app_begin ] --START--
INFO: Run Behavior\ReadHtmlCacheBehavior [ RunTime:0.002001s ]
INFO: [ app_begin ] --END-- [ RunTime:0.002001s ]
INFO: [ view_parse ] --START--
INFO: [ template_filter ] --START--
INFO: Run Behavior\ContentReplaceBehavior [ RunTime:0.000000s ]
INFO: [ template_filter ] --END-- [ RunTime:0.002000s ]
INFO: Run Behavior\ParseTemplateBehavior [ RunTime:0.019001s ]
INFO: [ view_parse ] --END-- [ RunTime:0.020001s ]
INFO: [ view_filter ] --START--
INFO: Run Behavior\WriteHtmlCacheBehavior [ RunTime:0.001000s ]
INFO: [ view_filter ] --END-- [ RunTime:0.002000s ]
INFO: [ app_end ] --START--
INFO: Run Behavior\ShowPageTraceBehavior [ RunTime:0.001000s ]
INFO: [ app_end ] --END-- [ RunTime:0.002000s ]

